<?xml version="1.0" encoding="UTF-8"?>
<!--
    Licensed to the Apache Software Foundation (ASF) under one or more
    contributor license agreements.  See the NOTICE file distributed with
    this work for additional information regarding copyright ownership.
    The ASF licenses this file to You under the Apache License, Version 2.0
    (the "License"); you may not use this file except in compliance with
    the License.  You may obtain a copy of the License at

    http://www.apache.org/licenses/LICENSE-2.0

    Unless required by applicable law or agreed to in writing, software
    distributed under the License is distributed on an "AS IS" BASIS,
    WITHOUT WARRANTIES OR CONDITIONS OF ANY KIND, either express or implied.
    See the License for the specific language governing permissions and
    limitations under the License.
-->

<!-- Configures the Camel Context-->

<beans xmlns="http://www.springframework.org/schema/beans"
       xmlns:xsi="http://www.w3.org/2001/XMLSchema-instance"
       xsi:schemaLocation="http://www.springframework.org/schema/beans http://www.springframework.org/schema/beans/spring-beans.xsd
                  http://www.springframework.org/schema/context http://www.springframework.org/schema/context/spring-context-2.5.xsd
                  http://camel.apache.org/schema/spring http://camel.apache.org/schema/spring/camel-spring.xsd">

    <camelContext xmlns="http://camel.apache.org/schema/spring" autoStartup="false">

        <!--package>org.vento.crawler</package-->
        <packageScan>
            <package>org.vento.crawler</package>
            <excludes>**.Crawler</excludes>
            <excludes>**.ClassificationRoute</excludes>
            <includes>org.vento.routes.sentiment.TrainingRoute</includes>
        </packageScan>

        <!-- Twitter route -->
        <!--endpoint id="sourceFileQuery" uri="direct:start"/>
        <endpoint id="queryQueue" uri="mock:queryQueue" />
        <endpoint id="rejectTwitterLocation" uri="mock:rejectTwitterLocation" />
        <endpoint id="outputDirectory" uri="mock:outputDirectory" /-->

        <!-- Amazon reviews -->
        <!--endpoint id="sourceFileReviews" uri="mock:sourceFileReviews" />
        <endpoint id="rejectReviewsLocation" uri="mock:rejectReviewsLocation" /-->
        <endpoint id="rejectLocation" uri="mock:rejectLocation" />

        <!-- Classfication -->

        <!-- Testing -->
        <endpoint id="outputReviewsDirectory" uri="mock:outputReviewDirectory" />
        <endpoint id="trainingTemp" uri="mock:trainingTemp" />

        <endpoint id="mongoQueryTraining" uri="direct:flight" />
        <endpoint id="mongoConnector" uri="mock:mongo" />


    </camelContext>

    <bean id="twitterPreprocessor" class="org.vento.crawler.twitter.processor.TwitterPreprocessor" />

</beans>
